#
# A fatal error has been detected by the Java Runtime Environment:
#
#  SIGBUS (0x7) at pc=0x00007feb9fbeba32, pid=22654, tid=0x00007feba6d50700
#
# JRE version: Java(TM) SE Runtime Environment (8.0_121-b13) (build 1.8.0_121-b13)
# Java VM: Java HotSpot(TM) 64-Bit Server VM (25.121-b13 mixed mode linux-amd64 compressed oops)
# Problematic frame:
# C  [libzip.so+0x11a32]  newEntry+0x62
#
# Failed to write core dump. Core dumps have been disabled. To enable core dumping, try "ulimit -c unlimited" before starting Java again
#
# If you would like to submit a bug report, please visit:
#   http://bugreport.java.com/bugreport/crash.jsp
# The crash happened outside the Java Virtual Machine in native code.
# See problematic frame for where to report the bug.
#

---------------  T H R E A D  ---------------

Current thread (0x00007feba000b800):  JavaThread "main" [_thread_in_native, id=22656, stack(0x00007feba6c50000,0x00007feba6d51000)]

siginfo: si_signo: 7 (SIGBUS), si_code: 2 (BUS_ADRERR), si_addr: 0x00007feb8c155066

Registers:
RAX=0x00007feba0223850, RBX=0x00007feba0223190, RCX=0x00007feba0000020, RDX=0x00007feba0223850
RSP=0x00007feba6d4ed20, RBP=0x00007feba6d4ed70, RSI=0x000000000008fc47, RDI=0x0000000000000002
R8 =0x0000000000000003, R9 =0x00007feba0000078, R10=0x00007feb90bf1468, R11=0x00007feba5b25e01
R12=0x00007feb8c155049, R13=0x00007feba0223850, R14=0x00007feba6d4ee28, R15=0x00007feba06357c0
RIP=0x00007feb9fbeba32, EFLAGS=0x0000000000010202, CSGSFS=0x0000000000000033, ERR=0x0000000000000004
  TRAPNO=0x000000000000000e

Top of Stack: (sp=0x00007feba6d4ed20)
0x00007feba6d4ed20:   00007feb8dcfc968 00007feb00000001
0x00007feba6d4ed30:   00007feb8dcfc968 00007feba5a41cbe
0x00007feba6d4ed40:   00007feba0223850 0000000000000001
0x00007feba6d4ed50:   00007feba06357c0 00007feb8def3318
0x00007feba6d4ed60:   00007feba6d4ee28 00007feba000b800
0x00007feba6d4ed70:   00007feba6d4ed90 00007feb9fbec083
0x00007feba6d4ed80:   00007feb8def3318 0000000000000000
0x00007feba6d4ed90:   00007feba6d4edf8 00007feb90bf1494
0x00007feba6d4eda0:   00007feba6d4edf0 00007feb90d412b6
0x00007feba6d4edb0:   00007feb67a43ef8 00007feba6d4edb8
0x00007feba6d4edc0:   0000000000000000 00007feba6d4ee28
0x00007feba6d4edd0:   00007feb8def4ba0 0000000000000000
0x00007feba6d4ede0:   00007feb8def3318 0000000000000000
0x00007feba6d4edf0:   00007feba6d4ee18 00007feba6d4ee70
0x00007feba6d4ee00:   00007feb90be1dd0 00000000c47e4ab0
0x00007feba6d4ee10:   00007feb90beb537 0000000000000001
0x00007feba6d4ee20:   00007feba06357c0 00007feb90be22bd
0x00007feba6d4ee30:   00007feba6d4ee30 00007feb8def43ea
0x00007feba6d4ee40:   00007feba6d4ee90 00007feb8def4ba0
0x00007feba6d4ee50:   0000000000000000 00007feb8def43f8
0x00007feba6d4ee60:   00007feba6d4ee18 00007feba6d4ee80
0x00007feba6d4ee70:   00007feba6d4eee8 00007feb90be1dd0
0x00007feba6d4ee80:   0000000000000001 00007feba06357c0
0x00007feba6d4ee90:   00000000ed5d7ca8 00000000ed5d7ca8
0x00007feba6d4eea0:   00000000ed5d7ca8 00007feba6d4ee98
0x00007feba6d4eeb0:   00007feb67a446ae 00007feba6d4ef20
0x00007feba6d4eec0:   00007feb67a44930 0000000000000000
0x00007feba6d4eed0:   00007feb67a44778 00007feba6d4ee80
0x00007feba6d4eee0:   00007feba6d4ef20 00007feba6d4ef68
0x00007feba6d4eef0:   00007feb90be2040 0000000000000000
0x00007feba6d4ef00:   0000000000000000 0000000000000000
0x00007feba6d4ef10:   0000000000000000 00000000ed5d7ca8 

Instructions: (pc=0x00007feb9fbeba32)
0x00007feb9fbeba12:   00 48 c7 40 28 00 00 00 00 41 80 7f 30 00 0f 84
0x00007feb9fbeba22:   8a 02 00 00 4c 8b 63 08 4d 2b 67 28 4d 03 67 18
0x00007feb9fbeba32:   41 0f b6 5c 24 1d 41 0f b6 44 24 1c c1 e3 08 09
0x00007feb9fbeba42:   c3 41 0f b6 44 24 1e 88 45 bd 41 0f b6 54 24 20 

Register to memory mapping:

RAX=0x00007feba0223850 is an unknown value
RBX=0x00007feba0223190 is an unknown value
RCX=0x00007feba0000020 is an unknown value
RDX=0x00007feba0223850 is an unknown value
RSP=0x00007feba6d4ed20 is pointing into the stack for thread: 0x00007feba000b800
RBP=0x00007feba6d4ed70 is pointing into the stack for thread: 0x00007feba000b800
RSI=0x000000000008fc47 is an unknown value
RDI=0x0000000000000002 is an unknown value
R8 =0x0000000000000003 is an unknown value
R9 =0x00007feba0000078 is an unknown value
R10=0x00007feb90bf1468 is at code_begin+808 in an Interpreter codelet
method entry point (kind = native)  [0x00007feb90bf1140, 0x00007feb90bf1a40]  2304 bytes
R11=0x00007feba5b25e01: <offset 0x9c3e01> in /usr/lib/jvm/java-8-oracle/jre/lib/amd64/server/libjvm.so at 0x00007feba5162000
R12=0x00007feb8c155049 is an unknown value
R13=0x00007feba0223850 is an unknown value
R14=0x00007feba6d4ee28 is pointing into the stack for thread: 0x00007feba000b800
R15=0x00007feba06357c0 is an unknown value


Stack: [0x00007feba6c50000,0x00007feba6d51000],  sp=0x00007feba6d4ed20,  free space=1019k
Native frames: (J=compiled Java code, j=interpreted, Vv=VM code, C=native code)
C  [libzip.so+0x11a32]  newEntry+0x62
C  [libzip.so+0x12083]  ZIP_GetNextEntry+0x53
j  java.util.zip.ZipFile.getNextEntry(JI)J+0
j  java.util.zip.ZipFile.access$500(JI)J+2
j  java.util.zip.ZipFile$ZipEntryIterator.next()Ljava/util/zip/ZipEntry;+54
j  java.util.zip.ZipFile$ZipEntryIterator.nextElement()Ljava/util/zip/ZipEntry;+1
j  java.util.zip.ZipFile$ZipEntryIterator.nextElement()Ljava/lang/Object;+1
j  org.apache.tools.ant.taskdefs.Jar.getManifestFromJar(Ljava/io/File;)Lorg/apache/tools/ant/taskdefs/Manifest;+26
j  org.apache.tools.ant.taskdefs.Jar.getResourcesToAdd([Lorg/apache/tools/ant/types/ResourceCollection;Ljava/io/File;Z)Lorg/apache/tools/ant/taskdefs/Zip$ArchiveState;+107
j  org.apache.tools.ant.taskdefs.Zip.executeMain()V+127
j  org.apache.tools.ant.taskdefs.Zip.execute()V+29
j  org.apache.tools.ant.UnknownElement.execute()V+25
j  sun.reflect.GeneratedMethodAccessor4.invoke(Ljava/lang/Object;[Ljava/lang/Object;)Ljava/lang/Object;+36
j  sun.reflect.DelegatingMethodAccessorImpl.invoke(Ljava/lang/Object;[Ljava/lang/Object;)Ljava/lang/Object;+6
j  java.lang.reflect.Method.invoke(Ljava/lang/Object;[Ljava/lang/Object;)Ljava/lang/Object;+56
j  org.apache.tools.ant.dispatch.DispatchUtils.execute(Ljava/lang/Object;)V+518
j  org.apache.tools.ant.Task.perform()V+22
j  org.apache.tools.ant.Target.execute()V+179
j  org.apache.tools.ant.Target.performTasks()V+11
j  org.apache.tools.ant.Project.executeSortedTargets(Ljava/util/Vector;)V+145
j  org.apache.tools.ant.Project.executeTarget(Ljava/lang/String;)V+28
j  org.apache.tools.ant.helper.DefaultExecutor.executeTargets(Lorg/apache/tools/ant/Project;[Ljava/lang/String;)V+17
j  org.eclipse.ant.internal.launching.remote.EclipseDefaultExecutor.executeTargets(Lorg/apache/tools/ant/Project;[Ljava/lang/String;)V+27
j  org.apache.tools.ant.Project.executeTargets(Ljava/util/Vector;)V+29
j  org.eclipse.ant.internal.launching.remote.InternalAntRunner.run(Ljava/util/List;)V+825
j  org.eclipse.ant.internal.launching.remote.InternalAntRunner.main([Ljava/lang/String;)V+11
v  ~StubRoutines::call_stub
V  [libjvm.so+0x690dd6]  JavaCalls::call_helper(JavaValue*, methodHandle*, JavaCallArguments*, Thread*)+0x1056
V  [libjvm.so+0x6d21e2]  jni_invoke_static(JNIEnv_*, JavaValue*, _jobject*, JNICallType, _jmethodID*, JNI_ArgumentPusher*, Thread*)+0x362
V  [libjvm.so+0x6eea4a]  jni_CallStaticVoidMethod+0x17a
C  [libjli.so+0x7bdf]  JavaMain+0x81f
C  [libpthread.so.0+0x8184]  start_thread+0xc4

Java frames: (J=compiled Java code, j=interpreted, Vv=VM code)
j  java.util.zip.ZipFile.getNextEntry(JI)J+0
j  java.util.zip.ZipFile.access$500(JI)J+2
j  java.util.zip.ZipFile$ZipEntryIterator.next()Ljava/util/zip/ZipEntry;+54
j  java.util.zip.ZipFile$ZipEntryIterator.nextElement()Ljava/util/zip/ZipEntry;+1
j  java.util.zip.ZipFile$ZipEntryIterator.nextElement()Ljava/lang/Object;+1
j  org.apache.tools.ant.taskdefs.Jar.getManifestFromJar(Ljava/io/File;)Lorg/apache/tools/ant/taskdefs/Manifest;+26
j  org.apache.tools.ant.taskdefs.Jar.getResourcesToAdd([Lorg/apache/tools/ant/types/ResourceCollection;Ljava/io/File;Z)Lorg/apache/tools/ant/taskdefs/Zip$ArchiveState;+107
j  org.apache.tools.ant.taskdefs.Zip.executeMain()V+127
j  org.apache.tools.ant.taskdefs.Zip.execute()V+29
j  org.apache.tools.ant.UnknownElement.execute()V+25
j  sun.reflect.GeneratedMethodAccessor4.invoke(Ljava/lang/Object;[Ljava/lang/Object;)Ljava/lang/Object;+36
j  sun.reflect.DelegatingMethodAccessorImpl.invoke(Ljava/lang/Object;[Ljava/lang/Object;)Ljava/lang/Object;+6
j  java.lang.reflect.Method.invoke(Ljava/lang/Object;[Ljava/lang/Object;)Ljava/lang/Object;+56
j  org.apache.tools.ant.dispatch.DispatchUtils.execute(Ljava/lang/Object;)V+518
j  org.apache.tools.ant.Task.perform()V+22
j  org.apache.tools.ant.Target.execute()V+179
j  org.apache.tools.ant.Target.performTasks()V+11
j  org.apache.tools.ant.Project.executeSortedTargets(Ljava/util/Vector;)V+145
j  org.apache.tools.ant.Project.executeTarget(Ljava/lang/String;)V+28
j  org.apache.tools.ant.helper.DefaultExecutor.executeTargets(Lorg/apache/tools/ant/Project;[Ljava/lang/String;)V+17
j  org.eclipse.ant.internal.launching.remote.EclipseDefaultExecutor.executeTargets(Lorg/apache/tools/ant/Project;[Ljava/lang/String;)V+27
j  org.apache.tools.ant.Project.executeTargets(Ljava/util/Vector;)V+29
j  org.eclipse.ant.internal.launching.remote.InternalAntRunner.run(Ljava/util/List;)V+825
j  org.eclipse.ant.internal.launching.remote.InternalAntRunner.main([Ljava/lang/String;)V+11
v  ~StubRoutines::call_stub

---------------  P R O C E S S  ---------------

Java Threads: ( => current thread )
  0x00007feba00bc000 JavaThread "Service Thread" daemon [_thread_blocked, id=22667, stack(0x00007feb8c33e000,0x00007feb8c43f000)]
  0x00007feba00b9000 JavaThread "C1 CompilerThread1" daemon [_thread_blocked, id=22666, stack(0x00007feb8c43f000,0x00007feb8c540000)]
  0x00007feba00b6000 JavaThread "C2 CompilerThread0" daemon [_thread_in_native, id=22665, stack(0x00007feb8c540000,0x00007feb8c641000)]
  0x00007feba00b4800 JavaThread "Signal Dispatcher" daemon [_thread_blocked, id=22664, stack(0x00007feb8c641000,0x00007feb8c742000)]
  0x00007feba0081800 JavaThread "Finalizer" daemon [_thread_blocked, id=22663, stack(0x00007feb8ce2d000,0x00007feb8cf2e000)]
  0x00007feba007d000 JavaThread "Reference Handler" daemon [_thread_blocked, id=22662, stack(0x00007feb8cf2e000,0x00007feb8d02f000)]
=>0x00007feba000b800 JavaThread "main" [_thread_in_native, id=22656, stack(0x00007feba6c50000,0x00007feba6d51000)]

Other Threads:
  0x00007feba0075000 VMThread [stack: 0x00007feb8d02f000,0x00007feb8d130000] [id=22661]
  0x00007feba00bf000 WatcherThread [stack: 0x00007feb8c23d000,0x00007feb8c33e000] [id=22668]

VM state:not at safepoint (normal execution)

VM Mutex/Monitor currently owned by a thread: None

Heap:
 PSYoungGen      total 33280K, used 25335K [0x00000000ec000000, 0x00000000f0100000, 0x0000000100000000)
  eden space 30720K, 74% used [0x00000000ec000000,0x00000000ed6417e0,0x00000000ede00000)
  from space 2560K, 99% used [0x00000000ede00000,0x00000000ee07c7c8,0x00000000ee080000)
  to   space 2560K, 0% used [0x00000000efe80000,0x00000000efe80000,0x00000000f0100000)
 ParOldGen       total 40960K, used 9749K [0x00000000c4000000, 0x00000000c6800000, 0x00000000ec000000)
  object space 40960K, 23% used [0x00000000c4000000,0x00000000c49856a0,0x00000000c6800000)
 Metaspace       used 13295K, capacity 13392K, committed 13568K, reserved 1060864K
  class space    used 1475K, capacity 1498K, committed 1536K, reserved 1048576K

Card table byte_map: [0x00007feba4009000,0x00007feba41ea000] byte_map_base: 0x00007feba39e9000

Marking Bits: (ParMarkBitMap*) 0x00007feba6126c80
 Begin Bits: [0x00007feb8e6d8000, 0x00007feb8f5d8000)
 End Bits:   [0x00007feb8f5d8000, 0x00007feb904d8000)

Polling page: 0x00007feba6d70000

CodeCache: size=245760Kb used=5440Kb max_used=5440Kb free=240319Kb
 bounds [0x00007feb90bda000, 0x00007feb9113a000, 0x00007feb9fbda000]
 total_blobs=2073 nmethods=1734 adapters=252
 compilation: enabled

Compilation events (10 events):
Event: 11,881 Thread 0x00007feba00b9000 1775       2       java.util.HashMap$HashIterator::hasNext (13 bytes)
Event: 11,881 Thread 0x00007feba00b9000 nmethod 1775 0x00007feb91128c50 code [0x00007feb91128da0, 0x00007feb91128f10]
Event: 11,992 Thread 0x00007feba00b9000 1776       2       org.apache.tools.ant.IntrospectionHelper::isHiddenSetMethod (44 bytes)
Event: 11,993 Thread 0x00007feba00b9000 nmethod 1776 0x00007feb911293d0 code [0x00007feb91129560, 0x00007feb911297b8]
Event: 11,997 Thread 0x00007feba00b9000 1777       2       org.apache.tools.ant.IntrospectionHelper::getPropertyName (15 bytes)
Event: 11,998 Thread 0x00007feba00b9000 nmethod 1777 0x00007feb91129890 code [0x00007feb91129a00, 0x00007feb91129b98]
Event: 11,999 Thread 0x00007feba00b9000 1778       2       java.lang.Class::checkPackageAccess (94 bytes)
Event: 12,002 Thread 0x00007feba00b9000 nmethod 1778 0x00007feb91129d10 code [0x00007feb91129f80, 0x00007feb9112a758]
Event: 12,013 Thread 0x00007feba00b9000 1779       2       java.lang.Class::getConstructor0 (103 bytes)
Event: 12,016 Thread 0x00007feba00b9000 nmethod 1779 0x00007feb9112b010 code [0x00007feb9112b240, 0x00007feb9112b958]

GC Heap History (6 events):
Event: 3,249 GC heap before
{Heap before GC invocations=1 (full 0):
 PSYoungGen      total 17920K, used 15360K [0x00000000ec000000, 0x00000000ed400000, 0x0000000100000000)
  eden space 15360K, 100% used [0x00000000ec000000,0x00000000ecf00000,0x00000000ecf00000)
  from space 2560K, 0% used [0x00000000ed180000,0x00000000ed180000,0x00000000ed400000)
  to   space 2560K, 0% used [0x00000000ecf00000,0x00000000ecf00000,0x00000000ed180000)
 ParOldGen       total 40960K, used 0K [0x00000000c4000000, 0x00000000c6800000, 0x00000000ec000000)
  object space 40960K, 0% used [0x00000000c4000000,0x00000000c4000000,0x00000000c6800000)
 Metaspace       used 7679K, capacity 7786K, committed 7808K, reserved 1056768K
  class space    used 839K, capacity 888K, committed 896K, reserved 1048576K
Event: 3,290 GC heap after
Heap after GC invocations=1 (full 0):
 PSYoungGen      total 17920K, used 2528K [0x00000000ec000000, 0x00000000ee300000, 0x0000000100000000)
  eden space 15360K, 0% used [0x00000000ec000000,0x00000000ec000000,0x00000000ecf00000)
  from space 2560K, 98% used [0x00000000ecf00000,0x00000000ed178010,0x00000000ed180000)
  to   space 2560K, 0% used [0x00000000ee080000,0x00000000ee080000,0x00000000ee300000)
 ParOldGen       total 40960K, used 1343K [0x00000000c4000000, 0x00000000c6800000, 0x00000000ec000000)
  object space 40960K, 3% used [0x00000000c4000000,0x00000000c414fff8,0x00000000c6800000)
 Metaspace       used 7679K, capacity 7786K, committed 7808K, reserved 1056768K
  class space    used 839K, capacity 888K, committed 896K, reserved 1048576K
}
Event: 5,325 GC heap before
{Heap before GC invocations=2 (full 0):
 PSYoungGen      total 17920K, used 17888K [0x00000000ec000000, 0x00000000ee300000, 0x0000000100000000)
  eden space 15360K, 100% used [0x00000000ec000000,0x00000000ecf00000,0x00000000ecf00000)
  from space 2560K, 98% used [0x00000000ecf00000,0x00000000ed178010,0x00000000ed180000)
  to   space 2560K, 0% used [0x00000000ee080000,0x00000000ee080000,0x00000000ee300000)
 ParOldGen       total 40960K, used 1343K [0x00000000c4000000, 0x00000000c6800000, 0x00000000ec000000)
  object space 40960K, 3% used [0x00000000c4000000,0x00000000c414fff8,0x00000000c6800000)
 Metaspace       used 11013K, capacity 11178K, committed 11392K, reserved 1058816K
  class space    used 1297K, capacity 1336K, committed 1408K, reserved 1048576K
Event: 5,358 GC heap after
Heap after GC invocations=2 (full 0):
 PSYoungGen      total 33280K, used 2543K [0x00000000ec000000, 0x00000000ee300000, 0x0000000100000000)
  eden space 30720K, 0% used [0x00000000ec000000,0x00000000ec000000,0x00000000ede00000)
  from space 2560K, 99% used [0x00000000ee080000,0x00000000ee2fbf40,0x00000000ee300000)
  to   space 2560K, 0% used [0x00000000ede00000,0x00000000ede00000,0x00000000ee080000)
 ParOldGen       total 40960K, used 1605K [0x00000000c4000000, 0x00000000c6800000, 0x00000000ec000000)
  object space 40960K, 3% used [0x00000000c4000000,0x00000000c41917a0,0x00000000c6800000)
 Metaspace       used 11013K, capacity 11178K, committed 11392K, reserved 1058816K
  class space    used 1297K, capacity 1336K, committed 1408K, reserved 1048576K
}
Event: 7,404 GC heap before
{Heap before GC invocations=3 (full 0):
 PSYoungGen      total 33280K, used 32941K [0x00000000ec000000, 0x00000000ee300000, 0x0000000100000000)
  eden space 30720K, 98% used [0x00000000ec000000,0x00000000eddaf8a8,0x00000000ede00000)
  from space 2560K, 99% used [0x00000000ee080000,0x00000000ee2fbf40,0x00000000ee300000)
  to   space 2560K, 0% used [0x00000000ede00000,0x00000000ede00000,0x00000000ee080000)
 ParOldGen       total 40960K, used 1605K [0x00000000c4000000, 0x00000000c6800000, 0x00000000ec000000)
  object space 40960K, 3% used [0x00000000c4000000,0x00000000c41917a0,0x00000000c6800000)
 Metaspace       used 11517K, capacity 11658K, committed 11904K, reserved 1060864K
  class space    used 1332K, capacity 1368K, committed 1408K, reserved 1048576K
Event: 7,529 GC heap after
Heap after GC invocations=3 (full 0):
 PSYoungGen      total 33280K, used 2545K [0x00000000ec000000, 0x00000000f0100000, 0x0000000100000000)
  eden space 30720K, 0% used [0x00000000ec000000,0x00000000ec000000,0x00000000ede00000)
  from space 2560K, 99% used [0x00000000ede00000,0x00000000ee07c7c8,0x00000000ee080000)
  to   space 2560K, 0% used [0x00000000efe80000,0x00000000efe80000,0x00000000f0100000)
 ParOldGen       total 40960K, used 9749K [0x00000000c4000000, 0x00000000c6800000, 0x00000000ec000000)
  object space 40960K, 23% used [0x00000000c4000000,0x00000000c49856a0,0x00000000c6800000)
 Metaspace       used 11517K, capacity 11658K, committed 11904K, reserved 1060864K
  class space    used 1332K, capacity 1368K, committed 1408K, reserved 1048576K
}

Deoptimization events (10 events):
Event: 6,657 Thread 0x00007feba000b800 Uncommon trap: reason=bimorphic action=maybe_recompile pc=0x00007feb90e911ac method=java.util.HashMap.getNode(ILjava/lang/Object;)Ljava/util/HashMap$Node; @ 126
Event: 6,657 Thread 0x00007feba000b800 Uncommon trap: reason=bimorphic action=maybe_recompile pc=0x00007feb90e911ac method=java.util.HashMap.getNode(ILjava/lang/Object;)Ljava/util/HashMap$Node; @ 126
Event: 6,657 Thread 0x00007feba000b800 Uncommon trap: reason=bimorphic action=maybe_recompile pc=0x00007feb90e911ac method=java.util.HashMap.getNode(ILjava/lang/Object;)Ljava/util/HashMap$Node; @ 126
Event: 9,916 Thread 0x00007feba000b800 Uncommon trap: reason=bimorphic action=maybe_recompile pc=0x00007feb90efd390 method=java.util.HashMap.getNode(ILjava/lang/Object;)Ljava/util/HashMap$Node; @ 126
Event: 10,120 Thread 0x00007feba000b800 Uncommon trap: reason=unstable_if action=reinterpret pc=0x00007feb90fc6e7c method=java.util.HashMap.getNode(ILjava/lang/Object;)Ljava/util/HashMap$Node; @ 62
Event: 10,120 Thread 0x00007feba000b800 Uncommon trap: reason=bimorphic action=maybe_recompile pc=0x00007feb90f17718 method=java.util.HashMap.putVal(ILjava/lang/Object;Ljava/lang/Object;ZZ)Ljava/lang/Object; @ 91
Event: 10,148 Thread 0x00007feba000b800 Uncommon trap: reason=bimorphic action=maybe_recompile pc=0x00007feb90f17718 method=java.util.HashMap.putVal(ILjava/lang/Object;Ljava/lang/Object;ZZ)Ljava/lang/Object; @ 91
Event: 10,170 Thread 0x00007feba000b800 Uncommon trap: reason=bimorphic action=maybe_recompile pc=0x00007feb90f17718 method=java.util.HashMap.putVal(ILjava/lang/Object;Ljava/lang/Object;ZZ)Ljava/lang/Object; @ 91
Event: 10,186 Thread 0x00007feba000b800 Uncommon trap: reason=bimorphic action=maybe_recompile pc=0x00007feb90f17718 method=java.util.HashMap.putVal(ILjava/lang/Object;Ljava/lang/Object;ZZ)Ljava/lang/Object; @ 91
Event: 10,219 Thread 0x00007feba000b800 Uncommon trap: reason=bimorphic action=maybe_recompile pc=0x00007feb90f134b0 method=java.util.HashMap.putVal(ILjava/lang/Object;Ljava/lang/Object;ZZ)Ljava/lang/Object; @ 91

Internal exceptions (9 events):
Event: 0,060 Thread 0x00007feba000b800 Exception <a 'java/lang/NoSuchMethodError': Method sun.misc.Unsafe.defineClass(Ljava/lang/String;[BII)Ljava/lang/Class; name or signature does not match> (0x00000000ec007ca8) thrown at [/HUDSON3/workspace/8-2-build-linux-amd64/jdk8u121/8372/hotspot/src/sh
Event: 0,060 Thread 0x00007feba000b800 Exception <a 'java/lang/NoSuchMethodError': Method sun.misc.Unsafe.prefetchRead(Ljava/lang/Object;J)V name or signature does not match> (0x00000000ec007f90) thrown at [/HUDSON3/workspace/8-2-build-linux-amd64/jdk8u121/8372/hotspot/src/share/vm/prims/jni.c
Event: 0,322 Thread 0x00007feba000b800 Exception <a 'java/security/PrivilegedActionException'> (0x00000000ec222930) thrown at [/HUDSON3/workspace/8-2-build-linux-amd64/jdk8u121/8372/hotspot/src/share/vm/prims/jvm.cpp, line 1390]
Event: 0,322 Thread 0x00007feba000b800 Exception <a 'java/security/PrivilegedActionException'> (0x00000000ec222ba0) thrown at [/HUDSON3/workspace/8-2-build-linux-amd64/jdk8u121/8372/hotspot/src/share/vm/prims/jvm.cpp, line 1390]
Event: 0,322 Thread 0x00007feba000b800 Exception <a 'java/security/PrivilegedActionException'> (0x00000000ec225008) thrown at [/HUDSON3/workspace/8-2-build-linux-amd64/jdk8u121/8372/hotspot/src/share/vm/prims/jvm.cpp, line 1390]
Event: 0,322 Thread 0x00007feba000b800 Exception <a 'java/security/PrivilegedActionException'> (0x00000000ec225218) thrown at [/HUDSON3/workspace/8-2-build-linux-amd64/jdk8u121/8372/hotspot/src/share/vm/prims/jvm.cpp, line 1390]
Event: 2,562 Thread 0x00007feba000b800 Exception <a 'java/io/FileNotFoundException'> (0x00000000ecb655c0) thrown at [/HUDSON3/workspace/8-2-build-linux-amd64/jdk8u121/8372/hotspot/src/share/vm/prims/jni.cpp, line 709]
Event: 6,945 Thread 0x00007feba000b800 Exception <a 'java/io/FileNotFoundException'> (0x00000000ed6360d0) thrown at [/HUDSON3/workspace/8-2-build-linux-amd64/jdk8u121/8372/hotspot/src/share/vm/prims/jni.cpp, line 709]
Event: 6,975 Thread 0x00007feba000b800 Exception <a 'java/io/FileNotFoundException'> (0x00000000ed66cdf0) thrown at [/HUDSON3/workspace/8-2-build-linux-amd64/jdk8u121/8372/hotspot/src/share/vm/prims/jni.cpp, line 709]

Events (10 events):
Event: 11,957 loading class org/apache/tools/ant/taskdefs/Manifest
Event: 11,957 loading class org/apache/tools/ant/taskdefs/Manifest done
Event: 11,965 loading class org/apache/tools/ant/taskdefs/Zip$Duplicate
Event: 11,965 loading class org/apache/tools/ant/taskdefs/Zip$Duplicate done
Event: 11,975 loading class org/apache/tools/ant/types/ArchiveScanner
Event: 11,975 loading class org/apache/tools/ant/types/ArchiveScanner done
Event: 11,983 loading class org/apache/tools/ant/types/ZipScanner
Event: 11,983 loading class org/apache/tools/ant/types/ZipScanner done
Event: 12,023 loading class java/util/zip/ZipFile$ZipEntryIterator
Event: 12,023 loading class java/util/zip/ZipFile$ZipEntryIterator done


Dynamic libraries:
00400000-00401000 r-xp 00000000 08:07 8007581                            /usr/lib/jvm/java-8-oracle/bin/java
00600000-00601000 rw-p 00000000 08:07 8007581                            /usr/lib/jvm/java-8-oracle/bin/java
00f28000-00f49000 rw-p 00000000 00:00 0                                  [heap]
c4000000-c6800000 rw-p 00000000 00:00 0 
c6800000-ec000000 ---p 00000000 00:00 0 
ec000000-f0100000 rw-p 00000000 00:00 0 
f0100000-100000000 ---p 00000000 00:00 0 
100000000-100180000 rw-p 00000000 00:00 0 
100180000-140000000 ---p 00000000 00:00 0 
7feb60000000-7feb60021000 rw-p 00000000 00:00 0 
7feb60021000-7feb64000000 ---p 00000000 00:00 0 
7feb67976000-7feb67b36000 rw-p 00000000 00:00 0 
7feb67b36000-7feb67b76000 ---p 00000000 00:00 0 
7feb67be9000-7feb67de9000 rw-p 00000000 00:00 0 
7feb67de9000-7feb67dff000 r-xp 00000000 08:07 9700302                    /usr/lib/jvm/java-8-oracle/jre/lib/amd64/libnet.so
7feb67dff000-7feb67fff000 ---p 00016000 08:07 9700302                    /usr/lib/jvm/java-8-oracle/jre/lib/amd64/libnet.so
7feb67fff000-7feb68000000 rw-p 00016000 08:07 9700302                    /usr/lib/jvm/java-8-oracle/jre/lib/amd64/libnet.so
7feb68000000-7feb68a92000 rw-p 00000000 00:00 0 
7feb68a92000-7feb6c000000 ---p 00000000 00:00 0 
7feb6c000000-7feb6c021000 rw-p 00000000 00:00 0 
7feb6c021000-7feb70000000 ---p 00000000 00:00 0 
7feb70000000-7feb70021000 rw-p 00000000 00:00 0 
7feb70021000-7feb74000000 ---p 00000000 00:00 0 
7feb74000000-7feb74be0000 rw-p 00000000 00:00 0 
7feb74be0000-7feb78000000 ---p 00000000 00:00 0 
7feb78000000-7feb78021000 rw-p 00000000 00:00 0 
7feb78021000-7feb7c000000 ---p 00000000 00:00 0 
7feb7c000000-7feb7c021000 rw-p 00000000 00:00 0 
7feb7c021000-7feb80000000 ---p 00000000 00:00 0 
7feb80000000-7feb80021000 rw-p 00000000 00:00 0 
7feb80021000-7feb84000000 ---p 00000000 00:00 0 
7feb84000000-7feb84021000 rw-p 00000000 00:00 0 
7feb84021000-7feb88000000 ---p 00000000 00:00 0 
7feb88000000-7feb88021000 rw-p 00000000 00:00 0 
7feb88021000-7feb8c000000 ---p 00000000 00:00 0 
7feb8c151000-7feb8c155000 rw-p 00000000 00:00 0 
7feb8c155000-7feb8c156000 r--s 00007000 08:07 9451438                    /home/inas/Documents/pfe/pfeprojet/build/jars/pfeprojetEntites.jar
7feb8c156000-7feb8c15d000 r--s 00000000 08:07 8260837                    /usr/lib/x86_64-linux-gnu/gconv/gconv-modules.cache
7feb8c15d000-7feb8c183000 r--p 00000000 08:07 8663972                    /usr/share/locale-langpack/fr/LC_MESSAGES/libc.mo
7feb8c183000-7feb8c18d000 r--s 00116000 08:07 9700223                    /usr/lib/jvm/java-8-oracle/jre/lib/ext/localedata.jar
7feb8c18d000-7feb8c1a2000 r--s 0028f000 08:07 8133651                    /usr/local/eclipse/plugins/org.eclipse.swt.gtk.linux.x86_64_3.105.1.v20160907-0248.jar
7feb8c1a2000-7feb8c21c000 r--s 010f6000 08:07 8132586                    /usr/lib/jvm/java-8-oracle/lib/tools.jar
7feb8c21c000-7feb8c21e000 r--s 00009000 08:07 3671131                    /home/inas/.eclipse/org.eclipse.platform_4.6.1_185596441_linux_gtk_x86_64/configuration/org.eclipse.osgi/81/0/.cp/lib/remote.jar
7feb8c21e000-7feb8c23d000 r--s 001d1000 08:07 8402787                    /usr/local/eclipse/plugins/org.apache.ant_1.9.6.v201510161327/lib/ant.jar
7feb8c23d000-7feb8c23e000 ---p 00000000 00:00 0 
7feb8c23e000-7feb8c33e000 rw-p 00000000 00:00 0                          [stack:22668]
7feb8c33e000-7feb8c341000 ---p 00000000 00:00 0 
7feb8c341000-7feb8c43f000 rw-p 00000000 00:00 0                          [stack:22667]
7feb8c43f000-7feb8c442000 ---p 00000000 00:00 0 
7feb8c442000-7feb8c540000 rw-p 00000000 00:00 0                          [stack:22666]
7feb8c540000-7feb8c543000 ---p 00000000 00:00 0 
7feb8c543000-7feb8c641000 rw-p 00000000 00:00 0                          [stack:22665]
7feb8c641000-7feb8c644000 ---p 00000000 00:00 0 
7feb8c644000-7feb8c742000 rw-p 00000000 00:00 0                          [stack:22664]
7feb8c742000-7feb8ce2d000 r--p 00000000 08:07 7871414                    /usr/lib/locale/locale-archive
7feb8ce2d000-7feb8ce30000 ---p 00000000 00:00 0 
7feb8ce30000-7feb8cf2e000 rw-p 00000000 00:00 0                          [stack:22663]
7feb8cf2e000-7feb8cf31000 ---p 00000000 00:00 0 
7feb8cf31000-7feb8d02f000 rw-p 00000000 00:00 0                          [stack:22662]
7feb8d02f000-7feb8d030000 ---p 00000000 00:00 0 
7feb8d030000-7feb8daa9000 rw-p 00000000 00:00 0                          [stack:22661]
7feb8daa9000-7feb8dc82000 r--s 03d3e000 08:07 9581023                    /usr/lib/jvm/java-8-oracle/jre/lib/rt.jar
7feb8dc82000-7feb904d8000 rw-p 00000000 00:00 0 
7feb904d8000-7feb904d9000 ---p 00000000 00:00 0 
7feb904d9000-7feb905d9000 rw-p 00000000 00:00 0                          [stack:22660]
7feb905d9000-7feb905da000 ---p 00000000 00:00 0 
7feb905da000-7feb906ee000 rw-p 00000000 00:00 0                          [stack:22659]
7feb906ee000-7feb9081a000 ---p 00000000 00:00 0 
7feb9081a000-7feb90830000 rw-p 00000000 00:00 0 
7feb90830000-7feb90bda000 ---p 00000000 00:00 0 
7feb90bda000-7feb9113a000 rwxp 00000000 00:00 0 
7feb9113a000-7feb9fbda000 ---p 00000000 00:00 0 
7feb9fbda000-7feb9fbf4000 r-xp 00000000 08:07 9700359                    /usr/lib/jvm/java-8-oracle/jre/lib/amd64/libzip.so
7feb9fbf4000-7feb9fdf4000 ---p 0001a000 08:07 9700359                    /usr/lib/jvm/java-8-oracle/jre/lib/amd64/libzip.so
7feb9fdf4000-7feb9fdf5000 rw-p 0001a000 08:07 9700359                    /usr/lib/jvm/java-8-oracle/jre/lib/amd64/libzip.so
7feb9fdf5000-7feb9fdff000 r-xp 00000000 08:07 4459373                    /lib/x86_64-linux-gnu/libnss_files-2.19.so
7feb9fdff000-7feb9fffe000 ---p 0000a000 08:07 4459373                    /lib/x86_64-linux-gnu/libnss_files-2.19.so
7feb9fffe000-7feb9ffff000 r--p 00009000 08:07 4459373                    /lib/x86_64-linux-gnu/libnss_files-2.19.so
7feb9ffff000-7feba0000000 rw-p 0000a000 08:07 4459373                    /lib/x86_64-linux-gnu/libnss_files-2.19.so
7feba0000000-7feba0816000 rw-p 00000000 00:00 0 
7feba0816000-7feba4000000 ---p 00000000 00:00 0 
7feba4000000-7feba4001000 r--s 00002000 08:07 3416142                    /home/inas/.eclipse/org.eclipse.platform_4.6.1_185596441_linux_gtk_x86_64/configuration/org.eclipse.osgi/82/0/.cp/lib/remoteAnt.jar
7feba4001000-7feba4003000 r--s 00001000 08:07 3671130                    /home/inas/.eclipse/org.eclipse.platform_4.6.1_185596441_linux_gtk_x86_64/configuration/org.eclipse.osgi/81/0/.cp/lib/antdebug.jar
7feba4003000-7feba4004000 r--s 00006000 08:07 8402779                    /usr/local/eclipse/plugins/org.apache.ant_1.9.6.v201510161327/lib/ant-testutil.jar
7feba4004000-7feba4005000 r--s 00003000 08:07 8402774                    /usr/local/eclipse/plugins/org.apache.ant_1.9.6.v201510161327/lib/ant-swing.jar
7feba4005000-7feba4006000 r--s 00003000 08:07 8402771                    /usr/local/eclipse/plugins/org.apache.ant_1.9.6.v201510161327/lib/ant-netrexx.jar
7feba4006000-7feba4007000 r--s 00004000 08:07 8402781                    /usr/local/eclipse/plugins/org.apache.ant_1.9.6.v201510161327/lib/ant-launcher.jar
7feba4007000-7feba4009000 r--s 00002000 08:07 8402786                    /usr/local/eclipse/plugins/org.apache.ant_1.9.6.v201510161327/lib/ant-junit4.jar
7feba4009000-7feba401d000 rw-p 00000000 00:00 0 
7feba401d000-7feba4149000 ---p 00000000 00:00 0 
7feba4149000-7feba416a000 rw-p 00000000 00:00 0 
7feba416a000-7feba41e9000 ---p 00000000 00:00 0 
7feba41e9000-7feba41ea000 rw-p 00000000 00:00 0 
7feba41ea000-7feba41f5000 r-xp 00000000 08:07 4459365                    /lib/x86_64-linux-gnu/libnss_nis-2.19.so
7feba41f5000-7feba43f4000 ---p 0000b000 08:07 4459365                    /lib/x86_64-linux-gnu/libnss_nis-2.19.so
7feba43f4000-7feba43f5000 r--p 0000a000 08:07 4459365                    /lib/x86_64-linux-gnu/libnss_nis-2.19.so
7feba43f5000-7feba43f6000 rw-p 0000b000 08:07 4459365                    /lib/x86_64-linux-gnu/libnss_nis-2.19.so
7feba43f6000-7feba440d000 r-xp 00000000 08:07 4459349                    /lib/x86_64-linux-gnu/libnsl-2.19.so
7feba440d000-7feba460c000 ---p 00017000 08:07 4459349                    /lib/x86_64-linux-gnu/libnsl-2.19.so
7feba460c000-7feba460d000 r--p 00016000 08:07 4459349                    /lib/x86_64-linux-gnu/libnsl-2.19.so
7feba460d000-7feba460e000 rw-p 00017000 08:07 4459349                    /lib/x86_64-linux-gnu/libnsl-2.19.so
7feba460e000-7feba4610000 rw-p 00000000 00:00 0 
7feba4610000-7feba4619000 r-xp 00000000 08:07 4457471                    /lib/x86_64-linux-gnu/libnss_compat-2.19.so
7feba4619000-7feba4818000 ---p 00009000 08:07 4457471                    /lib/x86_64-linux-gnu/libnss_compat-2.19.so
7feba4818000-7feba4819000 r--p 00008000 08:07 4457471                    /lib/x86_64-linux-gnu/libnss_compat-2.19.so
7feba4819000-7feba481a000 rw-p 00009000 08:07 4457471                    /lib/x86_64-linux-gnu/libnss_compat-2.19.so
7feba481a000-7feba4845000 r-xp 00000000 08:07 9700320                    /usr/lib/jvm/java-8-oracle/jre/lib/amd64/libjava.so
7feba4845000-7feba4a44000 ---p 0002b000 08:07 9700320                    /usr/lib/jvm/java-8-oracle/jre/lib/amd64/libjava.so
7feba4a44000-7feba4a46000 rw-p 0002a000 08:07 9700320                    /usr/lib/jvm/java-8-oracle/jre/lib/amd64/libjava.so
7feba4a46000-7feba4a53000 r-xp 00000000 08:07 9700335                    /usr/lib/jvm/java-8-oracle/jre/lib/amd64/libverify.so
7feba4a53000-7feba4c52000 ---p 0000d000 08:07 9700335                    /usr/lib/jvm/java-8-oracle/jre/lib/amd64/libverify.so
7feba4c52000-7feba4c54000 rw-p 0000c000 08:07 9700335                    /usr/lib/jvm/java-8-oracle/jre/lib/amd64/libverify.so
7feba4c54000-7feba4c5b000 r-xp 00000000 08:07 4459369                    /lib/x86_64-linux-gnu/librt-2.19.so
7feba4c5b000-7feba4e5a000 ---p 00007000 08:07 4459369                    /lib/x86_64-linux-gnu/librt-2.19.so
7feba4e5a000-7feba4e5b000 r--p 00006000 08:07 4459369                    /lib/x86_64-linux-gnu/librt-2.19.so
7feba4e5b000-7feba4e5c000 rw-p 00007000 08:07 4459369                    /lib/x86_64-linux-gnu/librt-2.19.so
7feba4e5c000-7feba4f61000 r-xp 00000000 08:07 4456550                    /lib/x86_64-linux-gnu/libm-2.19.so
7feba4f61000-7feba5160000 ---p 00105000 08:07 4456550                    /lib/x86_64-linux-gnu/libm-2.19.so
7feba5160000-7feba5161000 r--p 00104000 08:07 4456550                    /lib/x86_64-linux-gnu/libm-2.19.so
7feba5161000-7feba5162000 rw-p 00105000 08:07 4456550                    /lib/x86_64-linux-gnu/libm-2.19.so
7feba5162000-7feba5e30000 r-xp 00000000 08:07 9700273                    /usr/lib/jvm/java-8-oracle/jre/lib/amd64/server/libjvm.so
7feba5e30000-7feba6030000 ---p 00cce000 08:07 9700273                    /usr/lib/jvm/java-8-oracle/jre/lib/amd64/server/libjvm.so
7feba6030000-7feba6109000 rw-p 00cce000 08:07 9700273                    /usr/lib/jvm/java-8-oracle/jre/lib/amd64/server/libjvm.so
7feba6109000-7feba6154000 rw-p 00000000 00:00 0 
7feba6154000-7feba630e000 r-xp 00000000 08:07 4459370                    /lib/x86_64-linux-gnu/libc-2.19.so
7feba630e000-7feba650e000 ---p 001ba000 08:07 4459370                    /lib/x86_64-linux-gnu/libc-2.19.so
7feba650e000-7feba6512000 r--p 001ba000 08:07 4459370                    /lib/x86_64-linux-gnu/libc-2.19.so
7feba6512000-7feba6514000 rw-p 001be000 08:07 4459370                    /lib/x86_64-linux-gnu/libc-2.19.so
7feba6514000-7feba6519000 rw-p 00000000 00:00 0 
7feba6519000-7feba651c000 r-xp 00000000 08:07 4457446                    /lib/x86_64-linux-gnu/libdl-2.19.so
7feba651c000-7feba671b000 ---p 00003000 08:07 4457446                    /lib/x86_64-linux-gnu/libdl-2.19.so
7feba671b000-7feba671c000 r--p 00002000 08:07 4457446                    /lib/x86_64-linux-gnu/libdl-2.19.so
7feba671c000-7feba671d000 rw-p 00003000 08:07 4457446                    /lib/x86_64-linux-gnu/libdl-2.19.so
7feba671d000-7feba6732000 r-xp 00000000 08:07 9577755                    /usr/lib/jvm/java-8-oracle/lib/amd64/jli/libjli.so
7feba6732000-7feba6932000 ---p 00015000 08:07 9577755                    /usr/lib/jvm/java-8-oracle/lib/amd64/jli/libjli.so
7feba6932000-7feba6933000 rw-p 00015000 08:07 9577755                    /usr/lib/jvm/java-8-oracle/lib/amd64/jli/libjli.so
7feba6933000-7feba694c000 r-xp 00000000 08:07 4459361                    /lib/x86_64-linux-gnu/libpthread-2.19.so
7feba694c000-7feba6b4b000 ---p 00019000 08:07 4459361                    /lib/x86_64-linux-gnu/libpthread-2.19.so
7feba6b4b000-7feba6b4c000 r--p 00018000 08:07 4459361                    /lib/x86_64-linux-gnu/libpthread-2.19.so
7feba6b4c000-7feba6b4d000 rw-p 00019000 08:07 4459361                    /lib/x86_64-linux-gnu/libpthread-2.19.so
7feba6b4d000-7feba6b51000 rw-p 00000000 00:00 0 
7feba6b51000-7feba6b74000 r-xp 00000000 08:07 4459363                    /lib/x86_64-linux-gnu/ld-2.19.so
7feba6b74000-7feba6b76000 r--s 0001b000 08:07 8402791                    /usr/local/eclipse/plugins/org.apache.ant_1.9.6.v201510161327/lib/ant-junit.jar
7feba6b76000-7feba6b78000 r--s 0000a000 08:07 8402788                    /usr/local/eclipse/plugins/org.apache.ant_1.9.6.v201510161327/lib/ant-jsch.jar
7feba6b78000-7feba6c50000 rw-p 00000000 00:00 0 
7feba6c50000-7feba6c53000 ---p 00000000 00:00 0 
7feba6c53000-7feba6d55000 rw-p 00000000 00:00 0                          [stack:22656]
7feba6d55000-7feba6d57000 r--s 00002000 08:07 8402783                    /usr/local/eclipse/plugins/org.apache.ant_1.9.6.v201510161327/lib/ant-jmf.jar
7feba6d57000-7feba6d58000 r--s 00003000 08:07 8402770                    /usr/local/eclipse/plugins/org.apache.ant_1.9.6.v201510161327/lib/ant-jdepend.jar
7feba6d58000-7feba6d59000 r--s 00003000 08:07 8402784                    /usr/local/eclipse/plugins/org.apache.ant_1.9.6.v201510161327/lib/ant-javamail.jar
7feba6d59000-7feba6d5a000 r--s 00006000 08:07 8402773                    /usr/local/eclipse/plugins/org.apache.ant_1.9.6.v201510161327/lib/ant-jai.jar
7feba6d5a000-7feba6d5d000 r--s 00014000 08:07 8402778                    /usr/local/eclipse/plugins/org.apache.ant_1.9.6.v201510161327/lib/ant-commons-net.jar
7feba6d5d000-7feba6d5e000 r--s 00002000 08:07 8402772                    /usr/local/eclipse/plugins/org.apache.ant_1.9.6.v201510161327/lib/ant-commons-logging.jar
7feba6d5e000-7feba6d5f000 r--s 00001000 08:07 8402776                    /usr/local/eclipse/plugins/org.apache.ant_1.9.6.v201510161327/lib/ant-apache-xalan2.jar
7feba6d5f000-7feba6d60000 r--s 00002000 08:07 8402780                    /usr/local/eclipse/plugins/org.apache.ant_1.9.6.v201510161327/lib/ant-apache-resolver.jar
7feba6d60000-7feba6d61000 r--s 00002000 08:07 8402777                    /usr/local/eclipse/plugins/org.apache.ant_1.9.6.v201510161327/lib/ant-apache-regexp.jar
7feba6d61000-7feba6d62000 r--s 00002000 08:07 8402785                    /usr/local/eclipse/plugins/org.apache.ant_1.9.6.v201510161327/lib/ant-apache-oro.jar
7feba6d62000-7feba6d64000 r--s 00001000 08:07 8402782                    /usr/local/eclipse/plugins/org.apache.ant_1.9.6.v201510161327/lib/ant-apache-log4j.jar
7feba6d64000-7feba6d65000 r--s 00002000 08:07 8402790                    /usr/local/eclipse/plugins/org.apache.ant_1.9.6.v201510161327/lib/ant-apache-bsf.jar
7feba6d65000-7feba6d66000 r--s 00003000 08:07 8402775                    /usr/local/eclipse/plugins/org.apache.ant_1.9.6.v201510161327/lib/ant-apache-bcel.jar
7feba6d66000-7feba6d67000 r--s 00002000 08:07 8402789                    /usr/local/eclipse/plugins/org.apache.ant_1.9.6.v201510161327/lib/ant-antlr.jar
7feba6d67000-7feba6d6f000 rw-s 00000000 08:07 3804180                    /tmp/hsperfdata_inas/22654
7feba6d6f000-7feba6d70000 rw-p 00000000 00:00 0 
7feba6d70000-7feba6d71000 r--p 00000000 00:00 0 
7feba6d71000-7feba6d73000 rw-p 00000000 00:00 0 
7feba6d73000-7feba6d74000 r--p 00022000 08:07 4459363                    /lib/x86_64-linux-gnu/ld-2.19.so
7feba6d74000-7feba6d75000 rw-p 00023000 08:07 4459363                    /lib/x86_64-linux-gnu/ld-2.19.so
7feba6d75000-7feba6d76000 rw-p 00000000 00:00 0 
7fff9f0b8000-7fff9f0da000 rw-p 00000000 00:00 0                          [stack]
7fff9f158000-7fff9f15a000 r-xp 00000000 00:00 0                          [vdso]
7fff9f15a000-7fff9f15c000 r--p 00000000 00:00 0                          [vvar]
ffffffffff600000-ffffffffff601000 r-xp 00000000 00:00 0                  [vsyscall]

VM Arguments:
jvm_args: -Dant.home=/usr/local/eclipse/plugins/org.apache.ant_1.9.6.v201510161327 -Dant.library.dir=/usr/local/eclipse/plugins/org.apache.ant_1.9.6.v201510161327/lib -Djava.library.path=/usr/java/packages/lib/amd64:/usr/lib64:/lib64:/lib:/usr/lib:/home/inas/.eclipse/org.eclipse.platform_4.6.1_185596441_linux_gtk_x86_64/configuration/org.eclipse.osgi/761/0/.cp -Dfile.encoding=UTF-8 
java_command: org.eclipse.ant.internal.launching.remote.InternalAntRunner -Dorg.eclipse.ant.core.ANT_PROCESS_ID=1487795564022 -Declipse.connect.port=33118 -Declipse.pdebuild.home=/usr/local/eclipse/plugins/org.eclipse.pde.build_3.9.200.v20160204-0642/.// -Declipse.pdebuild.scripts=/usr/local/eclipse/plugins/org.eclipse.pde.build_3.9.200.v20160204-0642/scripts// -Declipse.pdebuild.templates=/usr/local/eclipse/plugins/org.eclipse.pde.build_3.9.200.v20160204-0642/templates// -Dant.home=/usr/local/eclipse/plugins/org.apache.ant_1.9.6.v201510161327 -logger org.eclipse.ant.internal.launching.remote.logger.RemoteAntBuildLogger -inputhandler org.eclipse.ant.internal.ui.antsupport.inputhandler.ProxyInputHandler -buildfile /home/inas/Documents/pfe/pfeprojet/build.xml deployAll
java_class_path (initial): /usr/local/eclipse/plugins/org.apache.ant_1.9.6.v201510161327/lib/ant-antlr.jar:/usr/local/eclipse/plugins/org.apache.ant_1.9.6.v201510161327/lib/ant-apache-bcel.jar:/usr/local/eclipse/plugins/org.apache.ant_1.9.6.v201510161327/lib/ant-apache-bsf.jar:/usr/local/eclipse/plugins/org.apache.ant_1.9.6.v201510161327/lib/ant-apache-log4j.jar:/usr/local/eclipse/plugins/org.apache.ant_1.9.6.v201510161327/lib/ant-apache-oro.jar:/usr/local/eclipse/plugins/org.apache.ant_1.9.6.v201510161327/lib/ant-apache-regexp.jar:/usr/local/eclipse/plugins/org.apache.ant_1.9.6.v201510161327/lib/ant-apache-resolver.jar:/usr/local/eclipse/plugins/org.apache.ant_1.9.6.v201510161327/lib/ant-apache-xalan2.jar:/usr/local/eclipse/plugins/org.apache.ant_1.9.6.v201510161327/lib/ant-commons-logging.jar:/usr/local/eclipse/plugins/org.apache.ant_1.9.6.v201510161327/lib/ant-commons-net.jar:/usr/local/eclipse/plugins/org.apache.ant_1.9.6.v201510161327/lib/ant-jai.jar:/usr/local/eclipse/plugins/org.apache.ant_1.9.6.v201510161327/lib/ant-javamail.jar:/usr/local/eclipse/plugins/org.apache.ant_1.9.6.v201510161327/lib/ant-jdepend.jar:/usr/local/eclipse/plugins/org.apache.ant_1.9.6.v201510161327/lib/ant-jmf.jar:/usr/local/eclipse/plugins/org.apache.ant_1.9.6.v201510161327/lib/ant-jsch.jar:/usr/local/eclipse/plugins/org.apache.ant_1.9.6.v201510161327/lib/ant-junit.jar:/usr/local/eclipse/plugins/org.apache.ant_1.9.6.v201510161327/lib/ant-junit4.jar:/usr/local/eclipse/plugins/org.apache.ant_1.9.6.v201510161327/lib/ant-launcher.jar:/usr/local/eclipse/plugins/org.apache.ant_1.9.6.v201510161327/lib/ant-netrexx.jar:/usr/local/eclipse/plugins/org.apache.ant_1.9.6.v201510161327/lib/ant-swing.jar:/usr/local/eclipse/plugins/org.apache.ant_1.9.6.v201510161327/lib/ant-testutil.jar:/usr/local/eclipse/plugins/org.apache.ant_1.9.6.v201510161327/lib/ant.jar:/home/inas/.eclipse/org.eclipse.platform_4.6.1_185596441_linux_gtk_x86_64/configuration/org.eclipse.osgi/81/0/.cp/lib/antdebug.jar:/home/inas/.
Launcher Type: SUN_STANDARD

Environment Variables:
JAVA_HOME=/usr/lib/jvm/java-8-oracle
PATH=/usr/local/sbin:/usr/local/bin:/usr/sbin:/usr/bin:/sbin:/bin:/usr/games:/usr/local/games:/usr/lib/jvm/java-8-oracle/bin:/usr/lib/jvm/java-8-oracle/db/bin:/usr/lib/jvm/java-8-oracle/jre/bin
SHELL=/bin/bash
DISPLAY=:0

Signal Handlers:
SIGSEGV: [libjvm.so+0xac78c0], sa_mask[0]=11111111011111111101111111111110, sa_flags=SA_RESTART|SA_SIGINFO
SIGBUS: [libjvm.so+0xac78c0], sa_mask[0]=11111111011111111101111111111110, sa_flags=SA_RESTART|SA_SIGINFO
SIGFPE: [libjvm.so+0x920ac0], sa_mask[0]=11111111011111111101111111111110, sa_flags=SA_RESTART|SA_SIGINFO
SIGPIPE: [libjvm.so+0x920ac0], sa_mask[0]=11111111011111111101111111111110, sa_flags=SA_RESTART|SA_SIGINFO
SIGXFSZ: [libjvm.so+0x920ac0], sa_mask[0]=11111111011111111101111111111110, sa_flags=SA_RESTART|SA_SIGINFO
SIGILL: [libjvm.so+0x920ac0], sa_mask[0]=11111111011111111101111111111110, sa_flags=SA_RESTART|SA_SIGINFO
SIGUSR1: SIG_DFL, sa_mask[0]=00000000000000000000000000000000, sa_flags=none
SIGUSR2: [libjvm.so+0x922300], sa_mask[0]=00100000000000000000000000000000, sa_flags=SA_RESTART|SA_SIGINFO
SIGHUP: [libjvm.so+0x923700], sa_mask[0]=11111111011111111101111111111110, sa_flags=SA_RESTART|SA_SIGINFO
SIGINT: [libjvm.so+0x923700], sa_mask[0]=11111111011111111101111111111110, sa_flags=SA_RESTART|SA_SIGINFO
SIGTERM: [libjvm.so+0x923700], sa_mask[0]=11111111011111111101111111111110, sa_flags=SA_RESTART|SA_SIGINFO
SIGQUIT: [libjvm.so+0x923700], sa_mask[0]=11111111011111111101111111111110, sa_flags=SA_RESTART|SA_SIGINFO


---------------  S Y S T E M  ---------------

OS:DISTRIB_ID=Ubuntu
DISTRIB_RELEASE=14.04
DISTRIB_CODENAME=trusty
DISTRIB_DESCRIPTION="Ubuntu 14.04.5 LTS"

uname:Linux 3.16.0-77-generic #99~14.04.1-Ubuntu SMP Tue Jun 28 19:17:10 UTC 2016 x86_64
libc:glibc 2.19 NPTL 2.19 
rlimit: STACK 8192k, CORE 0k, NPROC 15070, NOFILE 4096, AS infinity
load average:4,98 3,46 3,18

/proc/meminfo:
MemTotal:        3928476 kB
MemFree:          242816 kB
MemAvailable:     463948 kB
Buffers:           31928 kB
Cached:           521324 kB
SwapCached:        87632 kB
Active:          2424188 kB
Inactive:        1025404 kB
Active(anon):    2244568 kB
Inactive(anon):   868404 kB
Active(file):     179620 kB
Inactive(file):   157000 kB
Unevictable:          48 kB
Mlocked:              48 kB
SwapTotal:       4074492 kB
SwapFree:        3733360 kB
Dirty:              1056 kB
Writeback:             0 kB
AnonPages:       2815980 kB
Mapped:           193940 kB
Shmem:            216676 kB
Slab:             139584 kB
SReclaimable:     106908 kB
SUnreclaim:        32676 kB
KernelStack:       10128 kB
PageTables:        40180 kB
NFS_Unstable:          0 kB
Bounce:                0 kB
WritebackTmp:          0 kB
CommitLimit:     6038728 kB
Committed_AS:    7050836 kB
VmallocTotal:   34359738367 kB
VmallocUsed:      351224 kB
VmallocChunk:   34359338096 kB
HardwareCorrupted:     0 kB
AnonHugePages:    804864 kB
HugePages_Total:       0
HugePages_Free:        0
HugePages_Rsvd:        0
HugePages_Surp:        0
Hugepagesize:       2048 kB
DirectMap4k:       59072 kB
DirectMap2M:     4016128 kB


CPU:total 2 (2 cores per cpu, 1 threads per core) family 6 model 55 stepping 8, cmov, cx8, fxsr, mmx, sse, sse2, sse3, ssse3, sse4.1, sse4.2, popcnt, clmul, erms, 3dnowpref, tsc, tscinvbit

/proc/cpuinfo:
processor	: 0
vendor_id	: GenuineIntel
cpu family	: 6
model		: 55
model name	: Intel(R) Celeron(R) CPU  N2830  @ 2.16GHz
stepping	: 8
microcode	: 0x809
cpu MHz		: 2415.713
cache size	: 1024 KB
physical id	: 0
siblings	: 2
core id		: 0
cpu cores	: 2
apicid		: 0
initial apicid	: 0
fpu		: yes
fpu_exception	: yes
cpuid level	: 11
wp		: yes
flags		: fpu vme de pse tsc msr pae mce cx8 apic sep mtrr pge mca cmov pat pse36 clflush dts acpi mmx fxsr sse sse2 ss ht tm pbe syscall nx rdtscp lm constant_tsc arch_perfmon pebs bts rep_good nopl xtopology nonstop_tsc aperfmperf pni pclmulqdq dtes64 monitor ds_cpl vmx est tm2 ssse3 cx16 xtpr pdcm sse4_1 sse4_2 movbe popcnt tsc_deadline_timer rdrand lahf_lm 3dnowprefetch ida arat epb dtherm tpr_shadow vnmi flexpriority ept vpid tsc_adjust smep erms
bogomips	: 4326.40
clflush size	: 64
cache_alignment	: 64
address sizes	: 36 bits physical, 48 bits virtual
power management:

processor	: 1
vendor_id	: GenuineIntel
cpu family	: 6
model		: 55
model name	: Intel(R) Celeron(R) CPU  N2830  @ 2.16GHz
stepping	: 8
microcode	: 0x809
cpu MHz		: 2415.713
cache size	: 1024 KB
physical id	: 0
siblings	: 2
core id		: 1
cpu cores	: 2
apicid		: 2
initial apicid	: 2
fpu		: yes
fpu_exception	: yes
cpuid level	: 11
wp		: yes
flags		: fpu vme de pse tsc msr pae mce cx8 apic sep mtrr pge mca cmov pat pse36 clflush dts acpi mmx fxsr sse sse2 ss ht tm pbe syscall nx rdtscp lm constant_tsc arch_perfmon pebs bts rep_good nopl xtopology nonstop_tsc aperfmperf pni pclmulqdq dtes64 monitor ds_cpl vmx est tm2 ssse3 cx16 xtpr pdcm sse4_1 sse4_2 movbe popcnt tsc_deadline_timer rdrand lahf_lm 3dnowprefetch ida arat epb dtherm tpr_shadow vnmi flexpriority ept vpid tsc_adjust smep erms
bogomips	: 4326.40
clflush size	: 64
cache_alignment	: 64
address sizes	: 36 bits physical, 48 bits virtual
power management:



Memory: 4k page, physical 3928476k(242816k free), swap 4074492k(3733360k free)

vm_info: Java HotSpot(TM) 64-Bit Server VM (25.121-b13) for linux-amd64 JRE (1.8.0_121-b13), built on Dec 12 2016 16:36:53 by "java_re" with gcc 4.3.0 20080428 (Red Hat 4.3.0-8)

time: Wed Feb 22 21:32:56 2017
elapsed time: 12 seconds (0d 0h 0m 12s)

